<?xml version="1.0" encoding="UTF-8"?>
<testsuite name="info.narmontas.patterns.CodeGeneratorTest" tests="5" skipped="0" failures="0" errors="0" timestamp="2020-08-31T20:21:12" hostname="archlinux" time="0.035">
  <properties/>
  <testcase name="testGeneratedClassWithParametersOnly()" classname="info.narmontas.patterns.CodeGeneratorTest" time="0.024"/>
  <testcase name="testAutoBlockMixedClosings()" classname="info.narmontas.patterns.CodeGeneratorTest" time="0.002"/>
  <testcase name="testLiteralsWithSpace()" classname="info.narmontas.patterns.CodeGeneratorTest" time="0.002"/>
  <testcase name="testWithMethods()" classname="info.narmontas.patterns.CodeGeneratorTest" time="0.001"/>
  <testcase name="testAutoBlockInClassClosings()" classname="info.narmontas.patterns.CodeGeneratorTest" time="0.002"/>
  <system-out><![CDATA[]]></system-out>
  <system-err><![CDATA[]]></system-err>
</testsuite>
